<?xml version="1.0" encoding="UTF-8"?>
<!-- Generated by org.testng.reporters.JUnitReportReporter -->
<testsuite name="Test.NewTest" tests="2" time="0.018" ignored="0" failures="0" timestamp="01 Oct 2018 08:51:20 GMT" skipped="0" hostname="Vallabhaneni-PC" errors="0">
  <testcase name="aSecondTest" time="0.008" classname="Test.NewTest"/>
  <testcase name="bFirstTest" time="0.010" classname="Test.NewTest"/>
</testsuite> <!-- Test.NewTest -->
