<?xml version="1.0" encoding="UTF-8"?>
<!-- Generated by org.testng.reporters.JUnitReportReporter -->
<testsuite name="Test.TestNg" tests="3" time="0.044" ignored="0" failures="0" timestamp="01 Oct 2018 08:51:20 GMT" skipped="0" hostname="Vallabhaneni-PC" errors="0">
  <testcase name="zfirstTest" time="0.008" classname="Test.TestNg"/>
  <testcase name="athirdTest" time="0.012" classname="Test.TestNg"/>
  <testcase name="aSecondTest" time="0.024" classname="Test.TestNg"/>
</testsuite> <!-- Test.TestNg -->
